🏁 [Server] Processo Node iniciado. A carregar módulos...
📦 [Server] Carregando: express, http, path...
📦 [Server] Carregando: session, compression, logger...
📦 [Server] Carregando: Sentry...
📦 [Server] Carregando: Redis Client...
[Redis] REDIS_URL not set. Redis disabled.
📦 [Server] Carregando: Middleware e Rotas...
Sentry Skipped (No DSN)
22:47:48 [32minfo[39m: 📁 A utilizar FileStore para gestão de sessões
[SMS Queue] Redis not configured. SMS queue disabled.
22:47:48 [32minfo[39m: ⚠️ REDIS_URL não definida: Sistema de filas EcoFlix desativado.
22:47:49 [32minfo[39m: ✅ SMS & Expiration Cron jobs initialized
📅 Agendador inicializado. O Scraper irá correr a cada 6 horas (0 */6 * * *)
✅ Agendador configurado e pronto a rodar
22:47:49 [32minfo[39m: ✅ Servidor a correr na porta 3000
22:47:49 [32minfo[39m:    Ambiente: Desenvolvimento
🚀 Agendador iniciado às 2026-07-16T21:47:49.067Z
22:47:49 [32minfo[39m: 📅 Agendamento via node-cron ativado
22:47:49 [32minfo[39m: Rotas Locais Ativas (EcoKambio):
22:47:49 [32minfo[39m:   📱 Plataforma: http://localhost:3000
22:47:49 [32minfo[39m:   🔐 Painel Admin: http://admin.localhost:3000
22:47:49 [32minfo[39m: Rotas Locais Ativas (EcoFlix):
22:47:49 [32minfo[39m:   🍿 Plataforma Streaming: http://localhost:3000/ecoflix
22:47:49 [32minfo[39m:   🎬 Painel Admin Flix: http://localhost:3000/ecoflix/admin
22:47:49 [32minfo[39m:    Use também o comando: npm run scrape para testar o scraping fora do horário.
Cliente WebSocket conectado (Usuário).
[WS] Client subscribed to order_id: 2f703b00-47f9-493f-b1fa-adf52b6ff3eb
[PayGo Webhook] Received: <Buffer 7b 22 72 65 66 65 72 65 6e 63 65 22 3a 22 22 2c 22 61 6d 6f 75 6e 74 22 3a 31 30 2c 22 74 72 61 6e 73 61 63 74 69 6f 6e 5f 69 64 22 3a 22 33 31 35 31 ... 119 more bytes>
[PayGo Webhook] Invalid Signature
[Status] Polling provider for txId=31515b18-4b51-425e-831e-bdddd8decae9 method=MCX_PUSH
[Status] Provider returned: PAID
[ProcessPayment] order=2f703b00-47f9-493f-b1fa-adf52b6ff3eb plan=ECONOMICO action=NEW
[ProcessPayment] Order 2f703b00-47f9-493f-b1fa-adf52b6ff3eb already processed or locked. Skipping.
[Status] processPayment result: success=false
[WS] Client subscribed to order_id: 2f703b00-47f9-493f-b1fa-adf52b6ff3eb
[Status] Polling provider for txId=31515b18-4b51-425e-831e-bdddd8decae9 method=MCX_PUSH
[Status] Provider returned: PAID
[ProcessPayment] order=2f703b00-47f9-493f-b1fa-adf52b6ff3eb plan=ECONOMICO action=NEW
[ProcessPayment] Order 2f703b00-47f9-493f-b1fa-adf52b6ff3eb already processed or locked. Skipping.
[Status] processPayment result: success=false
[WS] Client subscribed to order_id: 2f703b00-47f9-493f-b1fa-adf52b6ff3eb
[Status] Polling provider for txId=31515b18-4b51-425e-831e-bdddd8decae9 method=MCX_PUSH
[Status] Provider returned: PAID
[ProcessPayment] order=2f703b00-47f9-493f-b1fa-adf52b6ff3eb plan=ECONOMICO action=NEW
[ProcessPayment] Order 2f703b00-47f9-493f-b1fa-adf52b6ff3eb already processed or locked. Skipping.
[Status] processPayment result: success=false
[WS] Client subscribed to order_id: 2f703b00-47f9-493f-b1fa-adf52b6ff3eb
[Status] Polling provider for txId=31515b18-4b51-425e-831e-bdddd8decae9 method=MCX_PUSH
[Status] Provider returned: PAID
[ProcessPayment] order=2f703b00-47f9-493f-b1fa-adf52b6ff3eb plan=ECONOMICO action=NEW
[ProcessPayment] Order 2f703b00-47f9-493f-b1fa-adf52b6ff3eb already processed or locked. Skipping.
[Status] processPayment result: success=false
[WS] Client subscribed to order_id: 2f703b00-47f9-493f-b1fa-adf52b6ff3eb
[Status] Credentials via JOIN for order 2f703b00-47f9-493f-b1fa-adf52b6ff3eb: email=paulokakoma19@gmail.com
