[2026-07-14T12:26:51.697Z] ✅ Agendador configurado e pronto a rodar
[2026-07-14T12:26:51.708Z] 🚀 Agendador iniciado às 2026-07-14T12:26:51.708Z
[2026-07-14T12:28:18.409Z] ✅ Agendador configurado e pronto a rodar
[2026-07-14T12:28:18.417Z] 🚀 Agendador iniciado às 2026-07-14T12:28:18.417Z
[2026-07-14T12:33:29.322Z] ✅ Agendador configurado e pronto a rodar
[2026-07-14T12:33:29.334Z] 🚀 Agendador iniciado às 2026-07-14T12:33:29.334Z
[2026-07-14T12:41:04.554Z] ✅ Agendador configurado e pronto a rodar
[2026-07-14T12:41:04.564Z] 🚀 Agendador iniciado às 2026-07-14T12:41:04.564Z
[2026-07-14T12:43:34.077Z] ✅ Agendador configurado e pronto a rodar
[2026-07-14T12:43:34.086Z] 🚀 Agendador iniciado às 2026-07-14T12:43:34.086Z
[2026-07-14T12:46:46.916Z] ✅ Agendador configurado e pronto a rodar
[2026-07-14T12:46:46.927Z] 🚀 Agendador iniciado às 2026-07-14T12:46:46.927Z
[2026-07-14T12:47:02.911Z] ✅ Agendador configurado e pronto a rodar
[2026-07-14T12:47:02.919Z] 🚀 Agendador iniciado às 2026-07-14T12:47:02.919Z
[2026-07-14T12:48:01.711Z] ✅ Agendador configurado e pronto a rodar
[2026-07-14T12:48:01.720Z] 🚀 Agendador iniciado às 2026-07-14T12:48:01.720Z
[2026-07-14T12:48:25.414Z] ✅ Agendador configurado e pronto a rodar
[2026-07-14T12:48:25.428Z] 🚀 Agendador iniciado às 2026-07-14T12:48:25.427Z
[2026-07-14T12:52:33.377Z] ✅ Agendador configurado e pronto a rodar
[2026-07-14T12:52:33.387Z] 🚀 Agendador iniciado às 2026-07-14T12:52:33.387Z
[2026-07-14T13:01:14.234Z] ✅ Agendador configurado e pronto a rodar
[2026-07-14T13:01:14.244Z] 🚀 Agendador iniciado às 2026-07-14T13:01:14.244Z
[2026-07-14T13:07:55.870Z] ✅ Agendador configurado e pronto a rodar
[2026-07-14T13:07:55.879Z] 🚀 Agendador iniciado às 2026-07-14T13:07:55.879Z
[2026-07-14T13:17:37.768Z] ✅ Agendador configurado e pronto a rodar
[2026-07-14T13:17:37.779Z] 🚀 Agendador iniciado às 2026-07-14T13:17:37.779Z
[2026-07-14T13:17:48.769Z] ✅ Agendador configurado e pronto a rodar
[2026-07-14T13:17:48.778Z] 🚀 Agendador iniciado às 2026-07-14T13:17:48.778Z
[2026-07-14T13:17:58.187Z] ✅ Agendador configurado e pronto a rodar
[2026-07-14T13:17:58.198Z] 🚀 Agendador iniciado às 2026-07-14T13:17:58.198Z
[2026-07-14T13:18:24.990Z] ✅ Agendador configurado e pronto a rodar
[2026-07-14T13:18:25.002Z] 🚀 Agendador iniciado às 2026-07-14T13:18:25.002Z
[2026-07-14T13:19:01.021Z] ✅ Agendador configurado e pronto a rodar
[2026-07-14T13:19:01.031Z] 🚀 Agendador iniciado às 2026-07-14T13:19:01.031Z
[2026-07-14T13:19:25.830Z] ✅ Agendador configurado e pronto a rodar
[2026-07-14T13:19:25.840Z] 🚀 Agendador iniciado às 2026-07-14T13:19:25.840Z
[2026-07-14T13:28:45.423Z] ✅ Agendador configurado e pronto a rodar
[2026-07-14T13:28:45.432Z] 🚀 Agendador iniciado às 2026-07-14T13:28:45.432Z
[2026-07-14T13:29:18.301Z] ✅ Agendador configurado e pronto a rodar
[2026-07-14T13:29:18.312Z] 🚀 Agendador iniciado às 2026-07-14T13:29:18.312Z
[2026-07-14T13:29:40.563Z] ✅ Agendador configurado e pronto a rodar
[2026-07-14T13:29:40.573Z] 🚀 Agendador iniciado às 2026-07-14T13:29:40.573Z
[2026-07-14T13:30:00.780Z] ✅ Agendador configurado e pronto a rodar
[2026-07-14T13:30:00.791Z] 🚀 Agendador iniciado às 2026-07-14T13:30:00.791Z
[2026-07-14T13:30:15.371Z] ✅ Agendador configurado e pronto a rodar
[2026-07-14T13:30:15.379Z] 🚀 Agendador iniciado às 2026-07-14T13:30:15.379Z
[2026-07-14T13:37:33.117Z] ✅ Agendador configurado e pronto a rodar
[2026-07-14T13:37:33.127Z] 🚀 Agendador iniciado às 2026-07-14T13:37:33.127Z
[2026-07-14T14:00:50.239Z] ✅ Agendador configurado e pronto a rodar
[2026-07-14T14:00:50.257Z] 🚀 Agendador iniciado às 2026-07-14T14:00:50.257Z
[2026-07-14T14:00:51.965Z] ✅ Agendador configurado e pronto a rodar
[2026-07-14T14:00:51.979Z] 🚀 Agendador iniciado às 2026-07-14T14:00:51.979Z
[2026-07-14T14:21:18.326Z] ✅ Agendador configurado e pronto a rodar
[2026-07-14T14:21:18.341Z] 🚀 Agendador iniciado às 2026-07-14T14:21:18.341Z
[2026-07-14T14:27:09.765Z] ✅ Agendador configurado e pronto a rodar
[2026-07-14T14:27:09.777Z] 🚀 Agendador iniciado às 2026-07-14T14:27:09.777Z
[2026-07-14T14:27:11.825Z] ✅ Agendador configurado e pronto a rodar
[2026-07-14T14:27:11.840Z] 🚀 Agendador iniciado às 2026-07-14T14:27:11.840Z
[2026-07-14T14:27:16.581Z] ✅ Agendador configurado e pronto a rodar
[2026-07-14T14:27:16.594Z] 🚀 Agendador iniciado às 2026-07-14T14:27:16.594Z
[2026-07-14T14:27:19.799Z] ✅ Agendador configurado e pronto a rodar
[2026-07-14T14:27:19.817Z] 🚀 Agendador iniciado às 2026-07-14T14:27:19.817Z
[2026-07-14T14:27:27.052Z] ✅ Agendador configurado e pronto a rodar
[2026-07-14T14:27:27.092Z] 🚀 Agendador iniciado às 2026-07-14T14:27:27.092Z
[2026-07-14T14:27:32.720Z] ✅ Agendador configurado e pronto a rodar
[2026-07-14T14:27:32.739Z] 🚀 Agendador iniciado às 2026-07-14T14:27:32.739Z
[2026-07-14T14:27:34.354Z] ✅ Agendador configurado e pronto a rodar
[2026-07-14T14:27:34.376Z] 🚀 Agendador iniciado às 2026-07-14T14:27:34.376Z
[2026-07-14T14:28:31.213Z] ✅ Agendador configurado e pronto a rodar
[2026-07-14T14:28:31.226Z] 🚀 Agendador iniciado às 2026-07-14T14:28:31.226Z
[2026-07-14T14:28:33.463Z] ✅ Agendador configurado e pronto a rodar
[2026-07-14T14:28:33.475Z] 🚀 Agendador iniciado às 2026-07-14T14:28:33.475Z
[2026-07-14T14:28:36.137Z] ✅ Agendador configurado e pronto a rodar
[2026-07-14T14:28:36.149Z] 🚀 Agendador iniciado às 2026-07-14T14:28:36.149Z
[2026-07-14T14:28:38.032Z] ✅ Agendador configurado e pronto a rodar
[2026-07-14T14:28:38.045Z] 🚀 Agendador iniciado às 2026-07-14T14:28:38.045Z
[2026-07-14T14:28:39.917Z] ✅ Agendador configurado e pronto a rodar
[2026-07-14T14:28:39.933Z] 🚀 Agendador iniciado às 2026-07-14T14:28:39.933Z
[2026-07-14T14:29:03.719Z] ✅ Agendador configurado e pronto a rodar
[2026-07-14T14:29:03.732Z] 🚀 Agendador iniciado às 2026-07-14T14:29:03.732Z
[2026-07-14T14:29:09.055Z] ✅ Agendador configurado e pronto a rodar
[2026-07-14T14:29:09.071Z] 🚀 Agendador iniciado às 2026-07-14T14:29:09.071Z
[2026-07-14T14:29:20.165Z] ✅ Agendador configurado e pronto a rodar
[2026-07-14T14:29:20.181Z] 🚀 Agendador iniciado às 2026-07-14T14:29:20.181Z
[2026-07-14T14:29:26.038Z] ✅ Agendador configurado e pronto a rodar
[2026-07-14T14:29:26.053Z] 🚀 Agendador iniciado às 2026-07-14T14:29:26.053Z
[2026-07-14T14:29:42.746Z] ✅ Agendador configurado e pronto a rodar
[2026-07-14T14:29:42.768Z] 🚀 Agendador iniciado às 2026-07-14T14:29:42.767Z
[2026-07-14T14:29:47.258Z] ✅ Agendador configurado e pronto a rodar
[2026-07-14T14:29:47.272Z] 🚀 Agendador iniciado às 2026-07-14T14:29:47.272Z
[2026-07-14T14:30:03.629Z] ✅ Agendador configurado e pronto a rodar
[2026-07-14T14:30:03.643Z] 🚀 Agendador iniciado às 2026-07-14T14:30:03.643Z
[2026-07-14T14:30:10.017Z] ✅ Agendador configurado e pronto a rodar
[2026-07-14T14:30:10.028Z] 🚀 Agendador iniciado às 2026-07-14T14:30:10.028Z
[2026-07-14T14:30:41.598Z] ✅ Agendador configurado e pronto a rodar
[2026-07-14T14:30:41.618Z] 🚀 Agendador iniciado às 2026-07-14T14:30:41.618Z
[2026-07-14T14:30:44.000Z] ✅ Agendador configurado e pronto a rodar
[2026-07-14T14:30:44.015Z] 🚀 Agendador iniciado às 2026-07-14T14:30:44.015Z
[2026-07-14T14:30:57.258Z] ✅ Agendador configurado e pronto a rodar
[2026-07-14T14:30:57.271Z] 🚀 Agendador iniciado às 2026-07-14T14:30:57.270Z
[2026-07-14T14:30:58.782Z] ✅ Agendador configurado e pronto a rodar
[2026-07-14T14:30:58.795Z] 🚀 Agendador iniciado às 2026-07-14T14:30:58.795Z
[2026-07-14T14:31:09.066Z] ✅ Agendador configurado e pronto a rodar
[2026-07-14T14:31:09.097Z] 🚀 Agendador iniciado às 2026-07-14T14:31:09.097Z
[2026-07-14T14:31:10.414Z] ✅ Agendador configurado e pronto a rodar
[2026-07-14T14:31:10.429Z] 🚀 Agendador iniciado às 2026-07-14T14:31:10.429Z
[2026-07-14T14:31:16.414Z] ✅ Agendador configurado e pronto a rodar
[2026-07-14T14:31:16.426Z] 🚀 Agendador iniciado às 2026-07-14T14:31:16.426Z
[2026-07-14T14:31:18.515Z] ✅ Agendador configurado e pronto a rodar
[2026-07-14T14:31:18.527Z] 🚀 Agendador iniciado às 2026-07-14T14:31:18.527Z
[2026-07-14T14:31:49.462Z] ✅ Agendador configurado e pronto a rodar
[2026-07-14T14:31:49.478Z] 🚀 Agendador iniciado às 2026-07-14T14:31:49.478Z
[2026-07-14T14:39:58.520Z] ✅ Agendador configurado e pronto a rodar
[2026-07-14T14:39:58.535Z] 🚀 Agendador iniciado às 2026-07-14T14:39:58.534Z
[2026-07-14T15:08:25.806Z] ✅ Agendador configurado e pronto a rodar
[2026-07-14T15:08:25.819Z] 🚀 Agendador iniciado às 2026-07-14T15:08:25.819Z
[2026-07-14T15:34:49.812Z] ✅ Agendador configurado e pronto a rodar
[2026-07-14T15:34:49.828Z] 🚀 Agendador iniciado às 2026-07-14T15:34:49.828Z
[2026-07-14T15:45:34.894Z] ✅ Agendador configurado e pronto a rodar
[2026-07-14T15:45:34.934Z] 🚀 Agendador iniciado às 2026-07-14T15:45:34.933Z
[2026-07-14T15:50:59.309Z] ✅ Agendador configurado e pronto a rodar
[2026-07-14T15:51:09.351Z] ✅ Agendador configurado e pronto a rodar
[2026-07-14T16:04:49.563Z] ✅ Agendador configurado e pronto a rodar
[2026-07-14T16:04:49.577Z] 🚀 Agendador iniciado às 2026-07-14T16:04:49.577Z
[2026-07-14T16:08:57.140Z] ✅ Agendador configurado e pronto a rodar
[2026-07-14T16:08:57.153Z] 🚀 Agendador iniciado às 2026-07-14T16:08:57.152Z
[2026-07-14T16:10:07.292Z] ✅ Agendador configurado e pronto a rodar
[2026-07-14T16:10:07.318Z] 🚀 Agendador iniciado às 2026-07-14T16:10:07.318Z
[2026-07-14T16:21:12.758Z] ✅ Agendador configurado e pronto a rodar
[2026-07-14T16:21:12.769Z] 🚀 Agendador iniciado às 2026-07-14T16:21:12.769Z
[2026-07-14T16:32:42.981Z] ✅ Agendador configurado e pronto a rodar
[2026-07-14T16:32:42.997Z] 🚀 Agendador iniciado às 2026-07-14T16:32:42.997Z
[2026-07-14T16:33:07.771Z] ✅ Agendador configurado e pronto a rodar
[2026-07-14T16:33:07.782Z] 🚀 Agendador iniciado às 2026-07-14T16:33:07.782Z
[2026-07-14T16:33:36.702Z] ✅ Agendador configurado e pronto a rodar
[2026-07-14T16:33:36.711Z] 🚀 Agendador iniciado às 2026-07-14T16:33:36.711Z
[2026-07-14T16:34:15.215Z] ✅ Agendador configurado e pronto a rodar
[2026-07-14T16:34:15.230Z] 🚀 Agendador iniciado às 2026-07-14T16:34:15.229Z
[2026-07-14T16:35:05.178Z] ✅ Agendador configurado e pronto a rodar
[2026-07-14T16:35:05.188Z] 🚀 Agendador iniciado às 2026-07-14T16:35:05.188Z
[2026-07-14T16:35:39.020Z] ✅ Agendador configurado e pronto a rodar
[2026-07-14T16:35:39.029Z] 🚀 Agendador iniciado às 2026-07-14T16:35:39.029Z
[2026-07-14T16:36:11.294Z] ✅ Agendador configurado e pronto a rodar
[2026-07-14T16:36:11.304Z] 🚀 Agendador iniciado às 2026-07-14T16:36:11.304Z
[2026-07-14T16:36:39.695Z] ✅ Agendador configurado e pronto a rodar
[2026-07-14T16:36:39.706Z] 🚀 Agendador iniciado às 2026-07-14T16:36:39.706Z
[2026-07-14T16:37:52.230Z] ✅ Agendador configurado e pronto a rodar
[2026-07-14T16:37:52.241Z] 🚀 Agendador iniciado às 2026-07-14T16:37:52.241Z
[2026-07-14T16:38:10.464Z] ✅ Agendador configurado e pronto a rodar
[2026-07-14T16:38:10.473Z] 🚀 Agendador iniciado às 2026-07-14T16:38:10.473Z
[2026-07-14T16:38:45.665Z] ✅ Agendador configurado e pronto a rodar
[2026-07-14T16:38:45.673Z] 🚀 Agendador iniciado às 2026-07-14T16:38:45.673Z
[2026-07-14T16:39:25.676Z] ✅ Agendador configurado e pronto a rodar
[2026-07-14T16:39:25.686Z] 🚀 Agendador iniciado às 2026-07-14T16:39:25.686Z
[2026-07-14T16:40:02.838Z] ✅ Agendador configurado e pronto a rodar
[2026-07-14T16:40:02.847Z] 🚀 Agendador iniciado às 2026-07-14T16:40:02.847Z
[2026-07-14T16:41:03.867Z] ✅ Agendador configurado e pronto a rodar
[2026-07-14T16:41:03.877Z] 🚀 Agendador iniciado às 2026-07-14T16:41:03.877Z
[2026-07-14T16:41:25.516Z] ✅ Agendador configurado e pronto a rodar
[2026-07-14T16:41:25.525Z] 🚀 Agendador iniciado às 2026-07-14T16:41:25.525Z
[2026-07-14T16:41:44.945Z] ✅ Agendador configurado e pronto a rodar
[2026-07-14T16:41:44.954Z] 🚀 Agendador iniciado às 2026-07-14T16:41:44.954Z
[2026-07-14T16:44:00.418Z] ✅ Agendador configurado e pronto a rodar
[2026-07-14T16:44:00.427Z] 🚀 Agendador iniciado às 2026-07-14T16:44:00.427Z
[2026-07-14T16:44:16.548Z] ✅ Agendador configurado e pronto a rodar
[2026-07-14T16:44:16.557Z] 🚀 Agendador iniciado às 2026-07-14T16:44:16.557Z
[2026-07-14T16:44:54.364Z] ✅ Agendador configurado e pronto a rodar
[2026-07-14T16:44:54.375Z] 🚀 Agendador iniciado às 2026-07-14T16:44:54.375Z
[2026-07-14T16:45:10.791Z] ✅ Agendador configurado e pronto a rodar
[2026-07-14T16:45:10.803Z] 🚀 Agendador iniciado às 2026-07-14T16:45:10.803Z
[2026-07-14T16:46:15.196Z] ✅ Agendador configurado e pronto a rodar
[2026-07-14T16:46:15.206Z] 🚀 Agendador iniciado às 2026-07-14T16:46:15.206Z
[2026-07-14T16:46:32.402Z] ✅ Agendador configurado e pronto a rodar
[2026-07-14T16:46:32.412Z] 🚀 Agendador iniciado às 2026-07-14T16:46:32.412Z
[2026-07-14T16:46:53.809Z] ✅ Agendador configurado e pronto a rodar
[2026-07-14T16:46:53.820Z] 🚀 Agendador iniciado às 2026-07-14T16:46:53.820Z
[2026-07-14T16:49:41.587Z] ✅ Agendador configurado e pronto a rodar
[2026-07-14T16:49:41.598Z] 🚀 Agendador iniciado às 2026-07-14T16:49:41.598Z
[2026-07-14T16:50:00.251Z] ✅ Agendador configurado e pronto a rodar
[2026-07-14T16:50:00.260Z] 🚀 Agendador iniciado às 2026-07-14T16:50:00.260Z
[2026-07-14T16:50:10.375Z] ✅ Agendador configurado e pronto a rodar
[2026-07-14T16:50:10.385Z] 🚀 Agendador iniciado às 2026-07-14T16:50:10.384Z
[2026-07-14T17:03:48.548Z] ✅ Agendador configurado e pronto a rodar
[2026-07-14T17:03:48.571Z] 🚀 Agendador iniciado às 2026-07-14T17:03:48.571Z
[2026-07-14T17:04:09.570Z] ✅ Agendador configurado e pronto a rodar
[2026-07-14T17:04:09.581Z] 🚀 Agendador iniciado às 2026-07-14T17:04:09.581Z
[2026-07-14T17:04:19.176Z] ✅ Agendador configurado e pronto a rodar
[2026-07-14T17:04:19.186Z] 🚀 Agendador iniciado às 2026-07-14T17:04:19.186Z
[2026-07-14T17:04:25.778Z] ✅ Agendador configurado e pronto a rodar
[2026-07-14T17:04:25.787Z] 🚀 Agendador iniciado às 2026-07-14T17:04:25.787Z
[2026-07-14T17:04:35.182Z] ✅ Agendador configurado e pronto a rodar
[2026-07-14T17:04:35.191Z] 🚀 Agendador iniciado às 2026-07-14T17:04:35.191Z
[2026-07-14T17:04:46.352Z] ✅ Agendador configurado e pronto a rodar
[2026-07-14T17:04:46.361Z] 🚀 Agendador iniciado às 2026-07-14T17:04:46.361Z
[2026-07-14T17:05:16.262Z] ✅ Agendador configurado e pronto a rodar
[2026-07-14T17:05:16.272Z] 🚀 Agendador iniciado às 2026-07-14T17:05:16.272Z
[2026-07-14T17:10:02.246Z] ✅ Agendador configurado e pronto a rodar
[2026-07-14T17:10:03.180Z] ✅ Agendador configurado e pronto a rodar
[2026-07-14T17:10:03.188Z] 🚀 Agendador iniciado às 2026-07-14T17:10:03.188Z
[2026-07-14T17:10:03.217Z] ✅ Agendador configurado e pronto a rodar
[2026-07-14T17:51:35.484Z] ✅ Agendador configurado e pronto a rodar
[2026-07-14T17:51:35.484Z] ✅ Agendador configurado e pronto a rodar
[2026-07-14T17:51:35.498Z] 🚀 Agendador iniciado às 2026-07-14T17:51:35.498Z
[2026-07-14T17:52:38.451Z] ✅ Agendador configurado e pronto a rodar
[2026-07-14T17:52:38.453Z] ✅ Agendador configurado e pronto a rodar
[2026-07-14T17:52:38.466Z] 🚀 Agendador iniciado às 2026-07-14T17:52:38.466Z
[2026-07-14T17:53:18.171Z] ✅ Agendador configurado e pronto a rodar
[2026-07-14T17:53:18.172Z] ✅ Agendador configurado e pronto a rodar
[2026-07-14T17:53:18.181Z] 🚀 Agendador iniciado às 2026-07-14T17:53:18.181Z
[2026-07-14T17:55:41.057Z] ✅ Agendador configurado e pronto a rodar
[2026-07-14T17:55:41.067Z] 🚀 Agendador iniciado às 2026-07-14T17:55:41.067Z
[2026-07-14T17:57:44.716Z] ✅ Agendador configurado e pronto a rodar
[2026-07-14T17:57:44.733Z] 🚀 Agendador iniciado às 2026-07-14T17:57:44.733Z
[2026-07-14T17:58:24.118Z] ✅ Agendador configurado e pronto a rodar
[2026-07-14T17:58:24.126Z] 🚀 Agendador iniciado às 2026-07-14T17:58:24.126Z
[2026-07-14T17:58:36.973Z] ✅ Agendador configurado e pronto a rodar
[2026-07-14T17:58:36.986Z] 🚀 Agendador iniciado às 2026-07-14T17:58:36.986Z
[2026-07-14T17:58:45.563Z] ✅ Agendador configurado e pronto a rodar
[2026-07-14T17:58:45.575Z] 🚀 Agendador iniciado às 2026-07-14T17:58:45.575Z
[2026-07-14T17:58:56.950Z] ✅ Agendador configurado e pronto a rodar
[2026-07-14T17:58:56.961Z] 🚀 Agendador iniciado às 2026-07-14T17:58:56.961Z
[2026-07-14T18:00:00.027Z] ⏰ A iniciar execução agendada do scraper...
[2026-07-14T18:00:00.033Z] 🚀 Processo iniciado com PID: 91823
[2026-07-14T18:00:07.068Z] ✅ Agendador configurado e pronto a rodar
[2026-07-14T18:00:07.082Z] 🚀 Agendador iniciado às 2026-07-14T18:00:07.082Z
[2026-07-14T18:00:13.674Z] ✅ Agendador configurado e pronto a rodar
[2026-07-14T18:00:13.684Z] 🚀 Agendador iniciado às 2026-07-14T18:00:13.684Z
[2026-07-14T18:01:28.867Z] ✅ Agendador configurado e pronto a rodar
[2026-07-14T18:01:28.884Z] 🚀 Agendador iniciado às 2026-07-14T18:01:28.884Z
[2026-07-14T18:05:50.746Z] ✅ Agendador configurado e pronto a rodar
[2026-07-14T18:05:50.756Z] 🚀 Agendador iniciado às 2026-07-14T18:05:50.756Z
[2026-07-14T18:07:57.531Z] ✅ Agendador configurado e pronto a rodar
[2026-07-14T18:07:57.548Z] 🚀 Agendador iniciado às 2026-07-14T18:07:57.548Z
[2026-07-14T18:08:14.439Z] ✅ Agendador configurado e pronto a rodar
[2026-07-14T18:08:14.449Z] 🚀 Agendador iniciado às 2026-07-14T18:08:14.449Z
[2026-07-14T18:08:45.683Z] ✅ Agendador configurado e pronto a rodar
[2026-07-14T18:08:45.693Z] 🚀 Agendador iniciado às 2026-07-14T18:08:45.693Z
[2026-07-14T18:11:56.595Z] ✅ Agendador configurado e pronto a rodar
[2026-07-14T18:11:58.309Z] ✅ Agendador configurado e pronto a rodar
[2026-07-14T18:11:58.321Z] 🚀 Agendador iniciado às 2026-07-14T18:11:58.321Z
[2026-07-14T18:11:58.409Z] ✅ Agendador configurado e pronto a rodar
[2026-07-14T18:12:21.904Z] ✅ Agendador configurado e pronto a rodar
[2026-07-14T18:12:21.917Z] 🚀 Agendador iniciado às 2026-07-14T18:12:21.917Z
[2026-07-14T18:12:48.533Z] ✅ Agendador configurado e pronto a rodar
[2026-07-14T18:12:48.544Z] 🚀 Agendador iniciado às 2026-07-14T18:12:48.544Z
[2026-07-14T18:14:10.926Z] ✅ Agendador configurado e pronto a rodar
[2026-07-14T18:14:10.935Z] 🚀 Agendador iniciado às 2026-07-14T18:14:10.935Z
[2026-07-14T18:16:01.785Z] ✅ Agendador configurado e pronto a rodar
[2026-07-14T18:16:01.794Z] 🚀 Agendador iniciado às 2026-07-14T18:16:01.794Z
[2026-07-14T18:21:46.038Z] ✅ Agendador configurado e pronto a rodar
[2026-07-14T18:21:46.049Z] 🚀 Agendador iniciado às 2026-07-14T18:21:46.049Z
[2026-07-14T18:33:47.800Z] ✅ Agendador configurado e pronto a rodar
[2026-07-14T18:33:47.811Z] 🚀 Agendador iniciado às 2026-07-14T18:33:47.811Z
[2026-07-14T18:33:48.646Z] ✅ Agendador configurado e pronto a rodar
[2026-07-14T18:33:48.657Z] 🚀 Agendador iniciado às 2026-07-14T18:33:48.657Z
[2026-07-14T18:34:18.750Z] ✅ Agendador configurado e pronto a rodar
[2026-07-14T18:36:03.880Z] ✅ Agendador configurado e pronto a rodar
[2026-07-14T18:36:03.891Z] 🚀 Agendador iniciado às 2026-07-14T18:36:03.890Z
[2026-07-14T18:37:15.244Z] ✅ Agendador configurado e pronto a rodar
[2026-07-14T18:37:15.253Z] 🚀 Agendador iniciado às 2026-07-14T18:37:15.253Z
[2026-07-14T18:40:41.908Z] ✅ Agendador configurado e pronto a rodar
[2026-07-14T18:40:41.918Z] 🚀 Agendador iniciado às 2026-07-14T18:40:41.918Z
[2026-07-14T18:40:53.954Z] ✅ Agendador configurado e pronto a rodar
[2026-07-14T18:40:53.963Z] 🚀 Agendador iniciado às 2026-07-14T18:40:53.963Z
[2026-07-14T18:45:52.729Z] ✅ Agendador configurado e pronto a rodar
[2026-07-14T18:45:52.741Z] 🚀 Agendador iniciado às 2026-07-14T18:45:52.741Z
[2026-07-14T18:46:01.618Z] ✅ Agendador configurado e pronto a rodar
[2026-07-14T18:46:01.631Z] 🚀 Agendador iniciado às 2026-07-14T18:46:01.631Z
[2026-07-14T18:46:19.910Z] ✅ Agendador configurado e pronto a rodar
[2026-07-14T18:46:19.920Z] 🚀 Agendador iniciado às 2026-07-14T18:46:19.920Z
[2026-07-14T18:46:31.921Z] ✅ Agendador configurado e pronto a rodar
[2026-07-14T18:46:31.935Z] 🚀 Agendador iniciado às 2026-07-14T18:46:31.935Z
[2026-07-14T18:47:07.914Z] ✅ Agendador configurado e pronto a rodar
[2026-07-14T18:47:07.925Z] 🚀 Agendador iniciado às 2026-07-14T18:47:07.925Z
[2026-07-14T18:47:31.748Z] ✅ Agendador configurado e pronto a rodar
[2026-07-14T18:47:31.758Z] 🚀 Agendador iniciado às 2026-07-14T18:47:31.758Z
[2026-07-14T18:47:56.882Z] ✅ Agendador configurado e pronto a rodar
[2026-07-14T18:47:56.893Z] 🚀 Agendador iniciado às 2026-07-14T18:47:56.893Z
[2026-07-14T18:48:11.622Z] ✅ Agendador configurado e pronto a rodar
[2026-07-14T18:48:11.636Z] 🚀 Agendador iniciado às 2026-07-14T18:48:11.636Z
[2026-07-14T18:48:22.709Z] ✅ Agendador configurado e pronto a rodar
[2026-07-14T18:48:22.720Z] 🚀 Agendador iniciado às 2026-07-14T18:48:22.720Z
[2026-07-14T18:48:37.518Z] ✅ Agendador configurado e pronto a rodar
[2026-07-14T18:48:37.530Z] 🚀 Agendador iniciado às 2026-07-14T18:48:37.530Z
[2026-07-14T18:51:52.442Z] ✅ Agendador configurado e pronto a rodar
[2026-07-14T18:51:52.454Z] 🚀 Agendador iniciado às 2026-07-14T18:51:52.454Z
[2026-07-14T18:52:24.584Z] ✅ Agendador configurado e pronto a rodar
[2026-07-14T18:52:24.593Z] 🚀 Agendador iniciado às 2026-07-14T18:52:24.593Z
[2026-07-14T18:52:46.217Z] ✅ Agendador configurado e pronto a rodar
[2026-07-14T18:52:46.229Z] 🚀 Agendador iniciado às 2026-07-14T18:52:46.229Z
[2026-07-14T18:54:11.047Z] ✅ Agendador configurado e pronto a rodar
[2026-07-14T18:54:11.058Z] 🚀 Agendador iniciado às 2026-07-14T18:54:11.058Z
[2026-07-14T18:55:45.860Z] ✅ Agendador configurado e pronto a rodar
[2026-07-14T18:55:45.872Z] 🚀 Agendador iniciado às 2026-07-14T18:55:45.871Z
[2026-07-14T18:55:47.159Z] ✅ Agendador configurado e pronto a rodar
[2026-07-14T18:55:47.169Z] 🚀 Agendador iniciado às 2026-07-14T18:55:47.169Z
[2026-07-14T18:56:52.182Z] ✅ Agendador configurado e pronto a rodar
[2026-07-14T18:56:52.192Z] 🚀 Agendador iniciado às 2026-07-14T18:56:52.192Z
[2026-07-14T18:56:59.244Z] ✅ Agendador configurado e pronto a rodar
[2026-07-14T18:56:59.253Z] 🚀 Agendador iniciado às 2026-07-14T18:56:59.253Z
[2026-07-14T18:57:56.750Z] ✅ Agendador configurado e pronto a rodar
[2026-07-14T18:57:56.764Z] 🚀 Agendador iniciado às 2026-07-14T18:57:56.764Z
[2026-07-14T18:58:30.027Z] ✅ Agendador configurado e pronto a rodar
[2026-07-14T18:58:30.038Z] 🚀 Agendador iniciado às 2026-07-14T18:58:30.037Z
[2026-07-14T18:58:50.523Z] ✅ Agendador configurado e pronto a rodar
[2026-07-14T18:58:50.532Z] 🚀 Agendador iniciado às 2026-07-14T18:58:50.532Z
[2026-07-14T18:58:59.538Z] ✅ Agendador configurado e pronto a rodar
[2026-07-14T18:58:59.548Z] 🚀 Agendador iniciado às 2026-07-14T18:58:59.547Z
[2026-07-14T18:59:10.420Z] ✅ Agendador configurado e pronto a rodar
[2026-07-14T18:59:10.432Z] 🚀 Agendador iniciado às 2026-07-14T18:59:10.432Z
[2026-07-14T19:09:48.498Z] ✅ Agendador configurado e pronto a rodar
[2026-07-14T19:09:48.531Z] 🚀 Agendador iniciado às 2026-07-14T19:09:48.531Z
[2026-07-14T19:11:33.878Z] ✅ Agendador configurado e pronto a rodar
[2026-07-14T19:11:33.904Z] 🚀 Agendador iniciado às 2026-07-14T19:11:33.904Z
[2026-07-14T19:11:47.919Z] ✅ Agendador configurado e pronto a rodar
[2026-07-14T19:11:47.942Z] 🚀 Agendador iniciado às 2026-07-14T19:11:47.942Z
[2026-07-14T19:12:35.951Z] ✅ Agendador configurado e pronto a rodar
[2026-07-14T19:12:35.973Z] 🚀 Agendador iniciado às 2026-07-14T19:12:35.973Z
[2026-07-14T19:13:33.305Z] ✅ Agendador configurado e pronto a rodar
[2026-07-14T19:13:33.317Z] 🚀 Agendador iniciado às 2026-07-14T19:13:33.317Z
[2026-07-14T19:25:14.097Z] ✅ Agendador configurado e pronto a rodar
[2026-07-14T19:25:14.114Z] 🚀 Agendador iniciado às 2026-07-14T19:25:14.114Z
[2026-07-14T19:25:15.457Z] ✅ Agendador configurado e pronto a rodar
[2026-07-14T19:25:15.468Z] 🚀 Agendador iniciado às 2026-07-14T19:25:15.468Z
[2026-07-14T19:30:43.260Z] ✅ Agendador configurado e pronto a rodar
[2026-07-14T19:30:43.277Z] 🚀 Agendador iniciado às 2026-07-14T19:30:43.277Z
[2026-07-14T19:31:15.539Z] ✅ Agendador configurado e pronto a rodar
[2026-07-14T19:31:15.557Z] 🚀 Agendador iniciado às 2026-07-14T19:31:15.557Z
[2026-07-14T19:36:53.293Z] ✅ Agendador configurado e pronto a rodar
[2026-07-14T19:36:53.317Z] 🚀 Agendador iniciado às 2026-07-14T19:36:53.316Z
[2026-07-14T19:37:07.410Z] ✅ Agendador configurado e pronto a rodar
[2026-07-14T19:37:07.444Z] 🚀 Agendador iniciado às 2026-07-14T19:37:07.443Z
[2026-07-14T19:37:20.239Z] ✅ Agendador configurado e pronto a rodar
[2026-07-14T19:37:20.291Z] 🚀 Agendador iniciado às 2026-07-14T19:37:20.291Z
[2026-07-14T19:38:24.969Z] ✅ Agendador configurado e pronto a rodar
[2026-07-14T19:38:24.993Z] 🚀 Agendador iniciado às 2026-07-14T19:38:24.993Z
[2026-07-14T19:41:11.941Z] ✅ Agendador configurado e pronto a rodar
[2026-07-14T19:41:11.968Z] 🚀 Agendador iniciado às 2026-07-14T19:41:11.968Z
[2026-07-14T19:42:37.638Z] ✅ Agendador configurado e pronto a rodar
[2026-07-14T19:42:37.656Z] 🚀 Agendador iniciado às 2026-07-14T19:42:37.656Z
[2026-07-14T19:54:59.230Z] ✅ Agendador configurado e pronto a rodar
[2026-07-14T19:54:59.241Z] 🚀 Agendador iniciado às 2026-07-14T19:54:59.241Z
[2026-07-14T19:56:52.236Z] ✅ Agendador configurado e pronto a rodar
[2026-07-14T19:56:52.247Z] 🚀 Agendador iniciado às 2026-07-14T19:56:52.247Z
[2026-07-14T19:58:14.108Z] ✅ Agendador configurado e pronto a rodar
[2026-07-14T19:58:14.118Z] 🚀 Agendador iniciado às 2026-07-14T19:58:14.118Z
[2026-07-14T20:01:11.127Z] ✅ Agendador configurado e pronto a rodar
[2026-07-14T20:01:11.138Z] 🚀 Agendador iniciado às 2026-07-14T20:01:11.138Z
[2026-07-14T20:02:45.355Z] ✅ Agendador configurado e pronto a rodar
[2026-07-14T20:02:45.380Z] 🚀 Agendador iniciado às 2026-07-14T20:02:45.380Z
[2026-07-14T20:06:30.968Z] ✅ Agendador configurado e pronto a rodar
[2026-07-14T20:06:30.978Z] 🚀 Agendador iniciado às 2026-07-14T20:06:30.978Z
[2026-07-14T20:08:29.759Z] ✅ Agendador configurado e pronto a rodar
[2026-07-14T20:08:29.770Z] 🚀 Agendador iniciado às 2026-07-14T20:08:29.770Z
[2026-07-14T20:11:38.212Z] ✅ Agendador configurado e pronto a rodar
[2026-07-14T20:11:38.225Z] 🚀 Agendador iniciado às 2026-07-14T20:11:38.225Z
[2026-07-14T20:17:09.432Z] ✅ Agendador configurado e pronto a rodar
[2026-07-14T20:17:09.445Z] 🚀 Agendador iniciado às 2026-07-14T20:17:09.445Z
[2026-07-14T20:20:27.935Z] ✅ Agendador configurado e pronto a rodar
[2026-07-14T20:20:27.946Z] 🚀 Agendador iniciado às 2026-07-14T20:20:27.946Z
[2026-07-14T20:22:38.748Z] ✅ Agendador configurado e pronto a rodar
[2026-07-14T20:22:38.763Z] 🚀 Agendador iniciado às 2026-07-14T20:22:38.763Z
[2026-07-14T20:22:54.186Z] ✅ Agendador configurado e pronto a rodar
[2026-07-14T20:22:54.199Z] 🚀 Agendador iniciado às 2026-07-14T20:22:54.199Z
[2026-07-14T20:27:39.288Z] ✅ Agendador configurado e pronto a rodar
[2026-07-14T20:27:39.304Z] 🚀 Agendador iniciado às 2026-07-14T20:27:39.304Z
[2026-07-14T20:38:36.563Z] ✅ Agendador configurado e pronto a rodar
[2026-07-14T20:38:36.585Z] 🚀 Agendador iniciado às 2026-07-14T20:38:36.585Z
[2026-07-14T20:46:22.808Z] ✅ Agendador configurado e pronto a rodar
[2026-07-14T20:46:22.824Z] 🚀 Agendador iniciado às 2026-07-14T20:46:22.823Z
[2026-07-15T12:19:28.455Z] ✅ Agendador configurado e pronto a rodar
[2026-07-15T12:19:28.465Z] 🚀 Agendador iniciado às 2026-07-15T12:19:28.465Z
[2026-07-15T12:20:32.798Z] ✅ Agendador configurado e pronto a rodar
[2026-07-15T12:20:32.809Z] 🚀 Agendador iniciado às 2026-07-15T12:20:32.809Z
[2026-07-15T12:20:34.107Z] ✅ Agendador configurado e pronto a rodar
[2026-07-15T12:20:34.117Z] 🚀 Agendador iniciado às 2026-07-15T12:20:34.117Z
[2026-07-15T12:24:08.064Z] ✅ Agendador configurado e pronto a rodar
[2026-07-15T12:24:08.077Z] 🚀 Agendador iniciado às 2026-07-15T12:24:08.077Z
[2026-07-15T12:25:36.060Z] ✅ Agendador configurado e pronto a rodar
[2026-07-15T12:25:36.073Z] 🚀 Agendador iniciado às 2026-07-15T12:25:36.072Z
[2026-07-15T12:27:53.204Z] ✅ Agendador configurado e pronto a rodar
[2026-07-15T12:27:53.214Z] 🚀 Agendador iniciado às 2026-07-15T12:27:53.214Z
[2026-07-15T12:29:29.383Z] ✅ Agendador configurado e pronto a rodar
[2026-07-15T12:29:29.394Z] 🚀 Agendador iniciado às 2026-07-15T12:29:29.394Z
[2026-07-15T12:30:33.408Z] ✅ Agendador configurado e pronto a rodar
[2026-07-15T12:30:33.419Z] 🚀 Agendador iniciado às 2026-07-15T12:30:33.419Z
[2026-07-15T12:30:42.380Z] ✅ Agendador configurado e pronto a rodar
[2026-07-15T12:30:42.395Z] 🚀 Agendador iniciado às 2026-07-15T12:30:42.395Z
[2026-07-15T12:31:06.880Z] ✅ Agendador configurado e pronto a rodar
[2026-07-15T12:31:06.888Z] 🚀 Agendador iniciado às 2026-07-15T12:31:06.888Z
[2026-07-15T12:31:21.657Z] ✅ Agendador configurado e pronto a rodar
[2026-07-15T12:31:21.666Z] 🚀 Agendador iniciado às 2026-07-15T12:31:21.666Z
[2026-07-15T12:32:42.174Z] ✅ Agendador configurado e pronto a rodar
[2026-07-15T12:32:42.183Z] 🚀 Agendador iniciado às 2026-07-15T12:32:42.183Z
[2026-07-15T12:33:25.238Z] ✅ Agendador configurado e pronto a rodar
[2026-07-15T12:33:25.247Z] 🚀 Agendador iniciado às 2026-07-15T12:33:25.247Z
[2026-07-15T12:33:43.293Z] ✅ Agendador configurado e pronto a rodar
[2026-07-15T12:33:43.303Z] 🚀 Agendador iniciado às 2026-07-15T12:33:43.303Z
[2026-07-15T13:14:53.423Z] ✅ Agendador configurado e pronto a rodar
[2026-07-15T13:14:53.439Z] 🚀 Agendador iniciado às 2026-07-15T13:14:53.439Z
[2026-07-15T13:16:35.394Z] ✅ Agendador configurado e pronto a rodar
[2026-07-15T13:16:35.411Z] 🚀 Agendador iniciado às 2026-07-15T13:16:35.411Z
[2026-07-15T13:17:03.912Z] ✅ Agendador configurado e pronto a rodar
[2026-07-15T13:17:03.922Z] 🚀 Agendador iniciado às 2026-07-15T13:17:03.922Z
[2026-07-15T13:17:22.545Z] ✅ Agendador configurado e pronto a rodar
[2026-07-15T13:17:22.553Z] 🚀 Agendador iniciado às 2026-07-15T13:17:22.553Z
[2026-07-15T13:18:02.894Z] ✅ Agendador configurado e pronto a rodar
[2026-07-15T13:18:03.148Z] 🚀 Agendador iniciado às 2026-07-15T13:18:03.148Z
[2026-07-15T13:18:36.031Z] ✅ Agendador configurado e pronto a rodar
[2026-07-15T13:18:36.053Z] 🚀 Agendador iniciado às 2026-07-15T13:18:36.052Z
[2026-07-15T13:18:59.690Z] ✅ Agendador configurado e pronto a rodar
[2026-07-15T13:18:59.720Z] 🚀 Agendador iniciado às 2026-07-15T13:18:59.719Z
[2026-07-15T15:35:55.007Z] ✅ Agendador configurado e pronto a rodar
[2026-07-15T15:35:55.018Z] 🚀 Agendador iniciado às 2026-07-15T15:35:55.018Z
[2026-07-15T15:43:45.702Z] ✅ Agendador configurado e pronto a rodar
[2026-07-15T15:43:45.714Z] 🚀 Agendador iniciado às 2026-07-15T15:43:45.713Z
[2026-07-15T15:44:10.047Z] ✅ Agendador configurado e pronto a rodar
[2026-07-15T15:44:10.057Z] 🚀 Agendador iniciado às 2026-07-15T15:44:10.057Z
[2026-07-15T15:44:15.842Z] ✅ Agendador configurado e pronto a rodar
[2026-07-15T15:44:15.852Z] 🚀 Agendador iniciado às 2026-07-15T15:44:15.852Z
[2026-07-15T15:48:39.262Z] ✅ Agendador configurado e pronto a rodar
[2026-07-15T15:48:39.275Z] 🚀 Agendador iniciado às 2026-07-15T15:48:39.275Z
[2026-07-15T15:48:47.813Z] ✅ Agendador configurado e pronto a rodar
[2026-07-15T15:48:47.825Z] 🚀 Agendador iniciado às 2026-07-15T15:48:47.825Z
[2026-07-15T15:52:02.650Z] ✅ Agendador configurado e pronto a rodar
[2026-07-15T15:52:02.660Z] 🚀 Agendador iniciado às 2026-07-15T15:52:02.660Z
[2026-07-15T15:54:16.643Z] ✅ Agendador configurado e pronto a rodar
[2026-07-15T15:54:16.656Z] 🚀 Agendador iniciado às 2026-07-15T15:54:16.656Z
[2026-07-15T15:54:28.127Z] ✅ Agendador configurado e pronto a rodar
[2026-07-15T15:54:28.137Z] 🚀 Agendador iniciado às 2026-07-15T15:54:28.137Z
[2026-07-15T15:54:34.143Z] ✅ Agendador configurado e pronto a rodar
[2026-07-15T15:54:34.152Z] 🚀 Agendador iniciado às 2026-07-15T15:54:34.152Z
[2026-07-15T15:56:31.796Z] ✅ Agendador configurado e pronto a rodar
[2026-07-15T15:56:31.806Z] 🚀 Agendador iniciado às 2026-07-15T15:56:31.806Z
[2026-07-15T15:57:09.622Z] ✅ Agendador configurado e pronto a rodar
[2026-07-15T15:57:09.632Z] 🚀 Agendador iniciado às 2026-07-15T15:57:09.632Z
[2026-07-15T15:57:19.309Z] ✅ Agendador configurado e pronto a rodar
[2026-07-15T15:57:19.324Z] 🚀 Agendador iniciado às 2026-07-15T15:57:19.324Z
[2026-07-15T15:57:30.938Z] ✅ Agendador configurado e pronto a rodar
[2026-07-15T15:57:30.948Z] 🚀 Agendador iniciado às 2026-07-15T15:57:30.947Z
[2026-07-15T15:57:50.721Z] ✅ Agendador configurado e pronto a rodar
[2026-07-15T15:57:50.729Z] 🚀 Agendador iniciado às 2026-07-15T15:57:50.729Z
[2026-07-15T15:58:02.835Z] ✅ Agendador configurado e pronto a rodar
[2026-07-15T15:58:02.845Z] 🚀 Agendador iniciado às 2026-07-15T15:58:02.844Z
[2026-07-15T15:58:14.160Z] ✅ Agendador configurado e pronto a rodar
[2026-07-15T15:58:14.169Z] 🚀 Agendador iniciado às 2026-07-15T15:58:14.169Z
[2026-07-15T15:58:24.833Z] ✅ Agendador configurado e pronto a rodar
[2026-07-15T15:58:24.843Z] 🚀 Agendador iniciado às 2026-07-15T15:58:24.843Z
[2026-07-15T15:58:39.309Z] ✅ Agendador configurado e pronto a rodar
[2026-07-15T15:58:39.321Z] 🚀 Agendador iniciado às 2026-07-15T15:58:39.320Z
[2026-07-15T16:00:18.795Z] ✅ Agendador configurado e pronto a rodar
[2026-07-15T16:00:18.804Z] 🚀 Agendador iniciado às 2026-07-15T16:00:18.804Z
[2026-07-15T16:04:52.431Z] ✅ Agendador configurado e pronto a rodar
[2026-07-15T16:04:52.441Z] 🚀 Agendador iniciado às 2026-07-15T16:04:52.440Z
[2026-07-15T16:09:49.652Z] ✅ Agendador configurado e pronto a rodar
[2026-07-15T16:09:49.662Z] 🚀 Agendador iniciado às 2026-07-15T16:09:49.661Z
[2026-07-15T16:11:09.527Z] ✅ Agendador configurado e pronto a rodar
[2026-07-15T16:11:09.537Z] 🚀 Agendador iniciado às 2026-07-15T16:11:09.537Z
[2026-07-15T16:11:26.650Z] ✅ Agendador configurado e pronto a rodar
[2026-07-15T16:11:26.658Z] 🚀 Agendador iniciado às 2026-07-15T16:11:26.658Z
[2026-07-15T16:16:30.246Z] ✅ Agendador configurado e pronto a rodar
[2026-07-15T16:16:30.258Z] 🚀 Agendador iniciado às 2026-07-15T16:16:30.257Z
[2026-07-15T16:17:32.171Z] ✅ Agendador configurado e pronto a rodar
[2026-07-15T16:17:32.183Z] 🚀 Agendador iniciado às 2026-07-15T16:17:32.183Z
[2026-07-15T16:30:25.291Z] ✅ Agendador configurado e pronto a rodar
[2026-07-15T16:30:25.317Z] 🚀 Agendador iniciado às 2026-07-15T16:30:25.317Z
[2026-07-15T16:32:10.244Z] ✅ Agendador configurado e pronto a rodar
[2026-07-15T16:32:10.267Z] 🚀 Agendador iniciado às 2026-07-15T16:32:10.266Z
[2026-07-15T16:32:46.230Z] ✅ Agendador configurado e pronto a rodar
[2026-07-15T16:32:46.244Z] 🚀 Agendador iniciado às 2026-07-15T16:32:46.244Z
[2026-07-15T16:33:21.820Z] ✅ Agendador configurado e pronto a rodar
[2026-07-15T16:33:21.838Z] 🚀 Agendador iniciado às 2026-07-15T16:33:21.837Z
[2026-07-15T16:34:37.652Z] ✅ Agendador configurado e pronto a rodar
[2026-07-15T16:34:37.666Z] 🚀 Agendador iniciado às 2026-07-15T16:34:37.666Z
[2026-07-15T16:55:26.825Z] ✅ Agendador configurado e pronto a rodar
[2026-07-15T16:55:26.850Z] 🚀 Agendador iniciado às 2026-07-15T16:55:26.849Z
[2026-07-15T16:55:35.607Z] ✅ Agendador configurado e pronto a rodar
[2026-07-15T16:55:35.632Z] 🚀 Agendador iniciado às 2026-07-15T16:55:35.631Z
[2026-07-15T16:56:33.984Z] ✅ Agendador configurado e pronto a rodar
[2026-07-15T16:56:34.024Z] 🚀 Agendador iniciado às 2026-07-15T16:56:34.023Z
[2026-07-15T16:56:43.874Z] ✅ Agendador configurado e pronto a rodar
[2026-07-15T16:56:43.906Z] 🚀 Agendador iniciado às 2026-07-15T16:56:43.906Z
[2026-07-15T17:02:21.177Z] ✅ Agendador configurado e pronto a rodar
[2026-07-15T17:02:21.284Z] 🚀 Agendador iniciado às 2026-07-15T17:02:21.283Z
[2026-07-15T17:02:28.935Z] ✅ Agendador configurado e pronto a rodar
[2026-07-15T17:02:28.965Z] 🚀 Agendador iniciado às 2026-07-15T17:02:28.965Z
[2026-07-15T17:10:26.791Z] ✅ Agendador configurado e pronto a rodar
[2026-07-15T17:10:26.836Z] 🚀 Agendador iniciado às 2026-07-15T17:10:26.836Z
[2026-07-15T17:16:03.807Z] ✅ Agendador configurado e pronto a rodar
[2026-07-15T17:16:03.927Z] 🚀 Agendador iniciado às 2026-07-15T17:16:03.927Z
[2026-07-15T17:26:29.289Z] ✅ Agendador configurado e pronto a rodar
[2026-07-15T17:26:29.402Z] 🚀 Agendador iniciado às 2026-07-15T17:26:29.402Z
[2026-07-15T17:27:37.224Z] ✅ Agendador configurado e pronto a rodar
[2026-07-15T17:27:37.270Z] 🚀 Agendador iniciado às 2026-07-15T17:27:37.270Z
[2026-07-15T17:45:22.043Z] ✅ Agendador configurado e pronto a rodar
[2026-07-15T17:45:22.061Z] 🚀 Agendador iniciado às 2026-07-15T17:45:22.061Z
[2026-07-15T17:50:22.999Z] ✅ Agendador configurado e pronto a rodar
[2026-07-15T17:50:23.009Z] 🚀 Agendador iniciado às 2026-07-15T17:50:23.009Z
[2026-07-15T17:54:16.524Z] ✅ Agendador configurado e pronto a rodar
[2026-07-15T17:54:16.536Z] 🚀 Agendador iniciado às 2026-07-15T17:54:16.536Z
[2026-07-15T17:57:58.552Z] ✅ Agendador configurado e pronto a rodar
[2026-07-15T17:57:58.561Z] 🚀 Agendador iniciado às 2026-07-15T17:57:58.561Z
[2026-07-15T18:00:00.023Z] ⏰ A iniciar execução agendada do scraper...
[2026-07-15T18:00:00.027Z] 🚀 Processo iniciado com PID: 27792
[2026-07-15T18:00:05.669Z] ✅ Agendador configurado e pronto a rodar
[2026-07-15T18:00:05.679Z] 🚀 Agendador iniciado às 2026-07-15T18:00:05.679Z
[2026-07-15T18:01:22.520Z] ✅ Agendador configurado e pronto a rodar
[2026-07-15T18:01:22.531Z] 🚀 Agendador iniciado às 2026-07-15T18:01:22.531Z
[2026-07-15T18:01:55.065Z] ✅ Agendador configurado e pronto a rodar
[2026-07-15T18:01:55.074Z] 🚀 Agendador iniciado às 2026-07-15T18:01:55.074Z
[2026-07-15T18:05:12.450Z] ✅ Agendador configurado e pronto a rodar
[2026-07-15T18:05:12.460Z] 🚀 Agendador iniciado às 2026-07-15T18:05:12.460Z
[2026-07-15T18:05:21.122Z] ✅ Agendador configurado e pronto a rodar
[2026-07-15T18:05:21.131Z] 🚀 Agendador iniciado às 2026-07-15T18:05:21.131Z
[2026-07-15T19:01:16.639Z] ✅ Agendador configurado e pronto a rodar
[2026-07-15T19:01:16.662Z] 🚀 Agendador iniciado às 2026-07-15T19:01:16.662Z
[2026-07-15T21:51:31.494Z] ✅ Agendador configurado e pronto a rodar
[2026-07-15T21:51:31.508Z] 🚀 Agendador iniciado às 2026-07-15T21:51:31.508Z
[2026-07-15T21:54:50.342Z] ✅ Agendador configurado e pronto a rodar
[2026-07-15T21:54:50.353Z] 🚀 Agendador iniciado às 2026-07-15T21:54:50.353Z
[2026-07-15T21:59:27.800Z] ✅ Agendador configurado e pronto a rodar
[2026-07-15T21:59:27.809Z] 🚀 Agendador iniciado às 2026-07-15T21:59:27.809Z
[2026-07-15T22:36:11.269Z] ✅ Agendador configurado e pronto a rodar
[2026-07-15T22:36:11.279Z] 🚀 Agendador iniciado às 2026-07-15T22:36:11.279Z
[2026-07-15T22:36:18.152Z] ✅ Agendador configurado e pronto a rodar
[2026-07-15T22:36:18.166Z] 🚀 Agendador iniciado às 2026-07-15T22:36:18.165Z
[2026-07-15T22:41:50.806Z] ✅ Agendador configurado e pronto a rodar
[2026-07-15T22:41:50.816Z] 🚀 Agendador iniciado às 2026-07-15T22:41:50.816Z
[2026-07-15T22:41:57.901Z] ✅ Agendador configurado e pronto a rodar
[2026-07-15T22:41:57.913Z] 🚀 Agendador iniciado às 2026-07-15T22:41:57.913Z
[2026-07-15T22:42:11.141Z] ✅ Agendador configurado e pronto a rodar
[2026-07-15T22:42:11.150Z] 🚀 Agendador iniciado às 2026-07-15T22:42:11.150Z
[2026-07-15T22:42:20.173Z] ✅ Agendador configurado e pronto a rodar
[2026-07-15T22:42:20.182Z] 🚀 Agendador iniciado às 2026-07-15T22:42:20.182Z
[2026-07-15T22:42:24.798Z] ✅ Agendador configurado e pronto a rodar
[2026-07-15T22:42:24.807Z] 🚀 Agendador iniciado às 2026-07-15T22:42:24.807Z
[2026-07-15T22:42:33.813Z] ✅ Agendador configurado e pronto a rodar
[2026-07-15T22:42:33.824Z] 🚀 Agendador iniciado às 2026-07-15T22:42:33.824Z
[2026-07-15T22:43:03.057Z] ✅ Agendador configurado e pronto a rodar
[2026-07-15T22:43:03.065Z] 🚀 Agendador iniciado às 2026-07-15T22:43:03.065Z
[2026-07-15T22:43:10.697Z] ✅ Agendador configurado e pronto a rodar
[2026-07-15T22:43:10.708Z] 🚀 Agendador iniciado às 2026-07-15T22:43:10.707Z
[2026-07-16T18:01:11.788Z] ✅ Agendador configurado e pronto a rodar
[2026-07-16T18:01:11.800Z] 🚀 Agendador iniciado às 2026-07-16T18:01:11.799Z
[2026-07-16T18:05:37.534Z] ✅ Agendador configurado e pronto a rodar
[2026-07-16T18:05:37.544Z] 🚀 Agendador iniciado às 2026-07-16T18:05:37.544Z
[2026-07-16T18:06:03.153Z] ✅ Agendador configurado e pronto a rodar
[2026-07-16T18:06:03.164Z] 🚀 Agendador iniciado às 2026-07-16T18:06:03.163Z
[2026-07-16T18:57:41.163Z] ✅ Agendador configurado e pronto a rodar
[2026-07-16T18:57:41.182Z] 🚀 Agendador iniciado às 2026-07-16T18:57:41.182Z
[2026-07-16T18:57:42.393Z] ✅ Agendador configurado e pronto a rodar
[2026-07-16T18:57:42.405Z] 🚀 Agendador iniciado às 2026-07-16T18:57:42.405Z
[2026-07-16T18:58:04.275Z] ✅ Agendador configurado e pronto a rodar
[2026-07-16T18:58:04.286Z] 🚀 Agendador iniciado às 2026-07-16T18:58:04.286Z
[2026-07-16T18:58:10.441Z] ✅ Agendador configurado e pronto a rodar
[2026-07-16T18:58:10.452Z] 🚀 Agendador iniciado às 2026-07-16T18:58:10.452Z
[2026-07-16T18:58:30.153Z] ✅ Agendador configurado e pronto a rodar
[2026-07-16T18:58:30.170Z] 🚀 Agendador iniciado às 2026-07-16T18:58:30.170Z
[2026-07-16T18:58:49.555Z] ✅ Agendador configurado e pronto a rodar
[2026-07-16T18:58:49.566Z] 🚀 Agendador iniciado às 2026-07-16T18:58:49.566Z
[2026-07-16T18:59:18.643Z] ✅ Agendador configurado e pronto a rodar
[2026-07-16T18:59:18.658Z] 🚀 Agendador iniciado às 2026-07-16T18:59:18.658Z
[2026-07-16T19:00:09.923Z] ✅ Agendador configurado e pronto a rodar
[2026-07-16T19:00:09.936Z] 🚀 Agendador iniciado às 2026-07-16T19:00:09.936Z
[2026-07-16T19:00:53.696Z] ✅ Agendador configurado e pronto a rodar
[2026-07-16T19:00:53.707Z] 🚀 Agendador iniciado às 2026-07-16T19:00:53.707Z
[2026-07-16T19:01:30.836Z] ✅ Agendador configurado e pronto a rodar
[2026-07-16T19:01:30.850Z] 🚀 Agendador iniciado às 2026-07-16T19:01:30.850Z
[2026-07-16T19:01:42.446Z] ✅ Agendador configurado e pronto a rodar
[2026-07-16T19:01:42.457Z] 🚀 Agendador iniciado às 2026-07-16T19:01:42.457Z
[2026-07-16T19:01:52.074Z] ✅ Agendador configurado e pronto a rodar
[2026-07-16T19:01:52.085Z] 🚀 Agendador iniciado às 2026-07-16T19:01:52.085Z
[2026-07-16T19:02:12.944Z] ✅ Agendador configurado e pronto a rodar
[2026-07-16T19:02:12.961Z] 🚀 Agendador iniciado às 2026-07-16T19:02:12.961Z
[2026-07-16T19:03:04.902Z] ✅ Agendador configurado e pronto a rodar
[2026-07-16T19:03:04.913Z] 🚀 Agendador iniciado às 2026-07-16T19:03:04.912Z
[2026-07-16T19:03:24.801Z] ✅ Agendador configurado e pronto a rodar
[2026-07-16T19:03:24.831Z] 🚀 Agendador iniciado às 2026-07-16T19:03:24.830Z
[2026-07-16T19:03:44.850Z] ✅ Agendador configurado e pronto a rodar
[2026-07-16T19:03:44.864Z] 🚀 Agendador iniciado às 2026-07-16T19:03:44.864Z
[2026-07-16T19:03:58.048Z] ✅ Agendador configurado e pronto a rodar
[2026-07-16T19:03:58.062Z] 🚀 Agendador iniciado às 2026-07-16T19:03:58.062Z
[2026-07-16T19:04:40.242Z] ✅ Agendador configurado e pronto a rodar
[2026-07-16T19:04:40.258Z] 🚀 Agendador iniciado às 2026-07-16T19:04:40.258Z
[2026-07-16T19:07:42.717Z] ✅ Agendador configurado e pronto a rodar
[2026-07-16T19:07:42.728Z] 🚀 Agendador iniciado às 2026-07-16T19:07:42.728Z
[2026-07-16T19:08:04.633Z] ✅ Agendador configurado e pronto a rodar
[2026-07-16T19:08:04.644Z] 🚀 Agendador iniciado às 2026-07-16T19:08:04.643Z
[2026-07-16T19:08:58.204Z] ✅ Agendador configurado e pronto a rodar
[2026-07-16T19:08:58.216Z] 🚀 Agendador iniciado às 2026-07-16T19:08:58.216Z
[2026-07-16T19:09:06.995Z] ✅ Agendador configurado e pronto a rodar
[2026-07-16T19:09:07.007Z] 🚀 Agendador iniciado às 2026-07-16T19:09:07.007Z
[2026-07-16T19:09:41.200Z] ✅ Agendador configurado e pronto a rodar
[2026-07-16T19:09:41.213Z] 🚀 Agendador iniciado às 2026-07-16T19:09:41.213Z
[2026-07-16T19:15:12.743Z] ✅ Agendador configurado e pronto a rodar
[2026-07-16T19:15:12.761Z] 🚀 Agendador iniciado às 2026-07-16T19:15:12.760Z
[2026-07-16T19:38:58.158Z] ✅ Agendador configurado e pronto a rodar
[2026-07-16T19:38:58.177Z] 🚀 Agendador iniciado às 2026-07-16T19:38:58.177Z
[2026-07-16T19:39:09.663Z] ✅ Agendador configurado e pronto a rodar
[2026-07-16T19:39:09.675Z] 🚀 Agendador iniciado às 2026-07-16T19:39:09.675Z
[2026-07-16T19:44:21.270Z] ✅ Agendador configurado e pronto a rodar
[2026-07-16T19:44:21.281Z] 🚀 Agendador iniciado às 2026-07-16T19:44:21.281Z
[2026-07-16T19:44:32.290Z] ✅ Agendador configurado e pronto a rodar
[2026-07-16T19:44:32.308Z] 🚀 Agendador iniciado às 2026-07-16T19:44:32.308Z
[2026-07-16T19:46:24.055Z] ✅ Agendador configurado e pronto a rodar
[2026-07-16T19:46:24.065Z] 🚀 Agendador iniciado às 2026-07-16T19:46:24.065Z
[2026-07-16T19:46:35.788Z] ✅ Agendador configurado e pronto a rodar
[2026-07-16T19:46:35.804Z] 🚀 Agendador iniciado às 2026-07-16T19:46:35.804Z
[2026-07-16T19:48:10.387Z] ✅ Agendador configurado e pronto a rodar
[2026-07-16T19:48:10.398Z] 🚀 Agendador iniciado às 2026-07-16T19:48:10.398Z
[2026-07-16T19:50:31.499Z] ✅ Agendador configurado e pronto a rodar
[2026-07-16T19:50:31.511Z] 🚀 Agendador iniciado às 2026-07-16T19:50:31.511Z
[2026-07-16T19:50:50.906Z] ✅ Agendador configurado e pronto a rodar
[2026-07-16T19:50:50.937Z] 🚀 Agendador iniciado às 2026-07-16T19:50:50.937Z
[2026-07-16T19:53:06.114Z] ✅ Agendador configurado e pronto a rodar
[2026-07-16T19:53:06.139Z] 🚀 Agendador iniciado às 2026-07-16T19:53:06.136Z
[2026-07-16T19:53:17.775Z] ✅ Agendador configurado e pronto a rodar
[2026-07-16T19:53:17.786Z] 🚀 Agendador iniciado às 2026-07-16T19:53:17.786Z
[2026-07-16T19:55:50.106Z] ✅ Agendador configurado e pronto a rodar
[2026-07-16T19:55:50.123Z] 🚀 Agendador iniciado às 2026-07-16T19:55:50.123Z
[2026-07-16T19:55:59.837Z] ✅ Agendador configurado e pronto a rodar
[2026-07-16T19:55:59.851Z] 🚀 Agendador iniciado às 2026-07-16T19:55:59.851Z
[2026-07-16T20:00:32.807Z] ✅ Agendador configurado e pronto a rodar
[2026-07-16T20:00:32.818Z] 🚀 Agendador iniciado às 2026-07-16T20:00:32.818Z
[2026-07-16T20:01:09.642Z] ✅ Agendador configurado e pronto a rodar
[2026-07-16T20:01:09.658Z] 🚀 Agendador iniciado às 2026-07-16T20:01:09.658Z
[2026-07-16T20:01:11.030Z] ✅ Agendador configurado e pronto a rodar
[2026-07-16T20:01:11.048Z] 🚀 Agendador iniciado às 2026-07-16T20:01:11.048Z
[2026-07-16T20:01:48.034Z] ✅ Agendador configurado e pronto a rodar
[2026-07-16T20:01:48.048Z] 🚀 Agendador iniciado às 2026-07-16T20:01:48.048Z
[2026-07-16T20:02:47.616Z] ✅ Agendador configurado e pronto a rodar
[2026-07-16T20:02:47.630Z] 🚀 Agendador iniciado às 2026-07-16T20:02:47.630Z
[2026-07-16T20:03:49.521Z] ✅ Agendador configurado e pronto a rodar
[2026-07-16T20:03:49.532Z] 🚀 Agendador iniciado às 2026-07-16T20:03:49.532Z
[2026-07-16T20:04:57.743Z] ✅ Agendador configurado e pronto a rodar
[2026-07-16T20:04:57.756Z] 🚀 Agendador iniciado às 2026-07-16T20:04:57.756Z
[2026-07-16T20:09:26.866Z] ✅ Agendador configurado e pronto a rodar
[2026-07-16T20:09:26.879Z] 🚀 Agendador iniciado às 2026-07-16T20:09:26.879Z
[2026-07-16T20:12:24.429Z] ✅ Agendador configurado e pronto a rodar
[2026-07-16T20:12:24.443Z] 🚀 Agendador iniciado às 2026-07-16T20:12:24.443Z
[2026-07-16T20:13:49.862Z] ✅ Agendador configurado e pronto a rodar
[2026-07-16T20:13:49.884Z] 🚀 Agendador iniciado às 2026-07-16T20:13:49.883Z
[2026-07-16T20:14:15.061Z] ✅ Agendador configurado e pronto a rodar
[2026-07-16T20:14:15.080Z] 🚀 Agendador iniciado às 2026-07-16T20:14:15.079Z
[2026-07-16T20:15:56.227Z] ✅ Agendador configurado e pronto a rodar
[2026-07-16T20:15:56.242Z] 🚀 Agendador iniciado às 2026-07-16T20:15:56.242Z
[2026-07-16T20:19:27.315Z] ✅ Agendador configurado e pronto a rodar
[2026-07-16T20:19:27.328Z] 🚀 Agendador iniciado às 2026-07-16T20:19:27.328Z
[2026-07-16T20:20:29.066Z] ✅ Agendador configurado e pronto a rodar
[2026-07-16T20:20:29.080Z] 🚀 Agendador iniciado às 2026-07-16T20:20:29.080Z
[2026-07-16T20:20:30.481Z] ✅ Agendador configurado e pronto a rodar
[2026-07-16T20:20:30.493Z] 🚀 Agendador iniciado às 2026-07-16T20:20:30.493Z
[2026-07-16T20:22:31.868Z] ✅ Agendador configurado e pronto a rodar
[2026-07-16T20:22:31.881Z] 🚀 Agendador iniciado às 2026-07-16T20:22:31.881Z
[2026-07-16T20:28:08.670Z] ✅ Agendador configurado e pronto a rodar
[2026-07-16T20:28:08.686Z] 🚀 Agendador iniciado às 2026-07-16T20:28:08.686Z
[2026-07-16T20:32:04.883Z] ✅ Agendador configurado e pronto a rodar
[2026-07-16T20:32:04.893Z] 🚀 Agendador iniciado às 2026-07-16T20:32:04.893Z
[2026-07-16T20:32:11.034Z] ✅ Agendador configurado e pronto a rodar
[2026-07-16T20:32:11.046Z] 🚀 Agendador iniciado às 2026-07-16T20:32:11.046Z
[2026-07-16T20:32:18.863Z] ✅ Agendador configurado e pronto a rodar
[2026-07-16T20:32:18.874Z] 🚀 Agendador iniciado às 2026-07-16T20:32:18.873Z
[2026-07-16T21:01:33.725Z] ✅ Agendador configurado e pronto a rodar
[2026-07-16T21:01:33.740Z] 🚀 Agendador iniciado às 2026-07-16T21:01:33.740Z
[2026-07-16T21:01:34.887Z] ✅ Agendador configurado e pronto a rodar
[2026-07-16T21:01:34.902Z] 🚀 Agendador iniciado às 2026-07-16T21:01:34.902Z
[2026-07-16T21:11:33.806Z] ✅ Agendador configurado e pronto a rodar
[2026-07-16T21:11:33.916Z] 🚀 Agendador iniciado às 2026-07-16T21:11:33.916Z
[2026-07-16T21:12:16.043Z] ✅ Agendador configurado e pronto a rodar
[2026-07-16T21:12:16.055Z] 🚀 Agendador iniciado às 2026-07-16T21:12:16.054Z
[2026-07-16T21:12:53.209Z] ✅ Agendador configurado e pronto a rodar
[2026-07-16T21:12:53.226Z] 🚀 Agendador iniciado às 2026-07-16T21:12:53.226Z
[2026-07-16T21:14:15.430Z] ✅ Agendador configurado e pronto a rodar
[2026-07-16T21:14:15.443Z] 🚀 Agendador iniciado às 2026-07-16T21:14:15.443Z
[2026-07-16T21:17:49.009Z] ✅ Agendador configurado e pronto a rodar
[2026-07-16T21:17:49.021Z] 🚀 Agendador iniciado às 2026-07-16T21:17:49.021Z
[2026-07-16T21:18:18.983Z] ✅ Agendador configurado e pronto a rodar
[2026-07-16T21:18:18.997Z] 🚀 Agendador iniciado às 2026-07-16T21:18:18.997Z
[2026-07-16T21:18:34.526Z] ✅ Agendador configurado e pronto a rodar
[2026-07-16T21:18:34.543Z] 🚀 Agendador iniciado às 2026-07-16T21:18:34.543Z
[2026-07-16T21:19:27.702Z] ✅ Agendador configurado e pronto a rodar
[2026-07-16T21:19:27.717Z] 🚀 Agendador iniciado às 2026-07-16T21:19:27.717Z
[2026-07-16T21:21:19.735Z] ✅ Agendador configurado e pronto a rodar
[2026-07-16T21:21:19.748Z] 🚀 Agendador iniciado às 2026-07-16T21:21:19.748Z
[2026-07-16T21:21:32.614Z] ✅ Agendador configurado e pronto a rodar
[2026-07-16T21:21:32.626Z] 🚀 Agendador iniciado às 2026-07-16T21:21:32.626Z
[2026-07-16T21:23:19.795Z] ✅ Agendador configurado e pronto a rodar
[2026-07-16T21:23:19.819Z] 🚀 Agendador iniciado às 2026-07-16T21:23:19.819Z
[2026-07-16T21:23:49.004Z] ✅ Agendador configurado e pronto a rodar
[2026-07-16T21:23:49.015Z] 🚀 Agendador iniciado às 2026-07-16T21:23:49.015Z
[2026-07-16T21:24:17.365Z] ✅ Agendador configurado e pronto a rodar
[2026-07-16T21:24:17.379Z] 🚀 Agendador iniciado às 2026-07-16T21:24:17.379Z
[2026-07-16T21:24:36.740Z] ✅ Agendador configurado e pronto a rodar
[2026-07-16T21:24:36.758Z] 🚀 Agendador iniciado às 2026-07-16T21:24:36.757Z
[2026-07-16T21:25:02.495Z] ✅ Agendador configurado e pronto a rodar
[2026-07-16T21:25:02.509Z] 🚀 Agendador iniciado às 2026-07-16T21:25:02.509Z
[2026-07-16T21:25:51.254Z] ✅ Agendador configurado e pronto a rodar
[2026-07-16T21:25:51.265Z] 🚀 Agendador iniciado às 2026-07-16T21:25:51.265Z
[2026-07-16T21:26:36.457Z] ✅ Agendador configurado e pronto a rodar
[2026-07-16T21:26:36.470Z] 🚀 Agendador iniciado às 2026-07-16T21:26:36.470Z
[2026-07-16T21:27:04.945Z] ✅ Agendador configurado e pronto a rodar
[2026-07-16T21:27:04.962Z] 🚀 Agendador iniciado às 2026-07-16T21:27:04.962Z
[2026-07-16T21:27:55.691Z] ✅ Agendador configurado e pronto a rodar
[2026-07-16T21:27:55.706Z] 🚀 Agendador iniciado às 2026-07-16T21:27:55.706Z
[2026-07-16T21:29:04.290Z] ✅ Agendador configurado e pronto a rodar
[2026-07-16T21:29:04.302Z] 🚀 Agendador iniciado às 2026-07-16T21:29:04.302Z
[2026-07-16T21:30:12.657Z] ✅ Agendador configurado e pronto a rodar
[2026-07-16T21:30:12.673Z] 🚀 Agendador iniciado às 2026-07-16T21:30:12.673Z
[2026-07-16T21:31:30.382Z] ✅ Agendador configurado e pronto a rodar
[2026-07-16T21:31:30.393Z] 🚀 Agendador iniciado às 2026-07-16T21:31:30.392Z
[2026-07-16T21:32:11.042Z] ✅ Agendador configurado e pronto a rodar
[2026-07-16T21:32:11.059Z] 🚀 Agendador iniciado às 2026-07-16T21:32:11.058Z
[2026-07-16T21:32:55.402Z] ✅ Agendador configurado e pronto a rodar
[2026-07-16T21:32:55.416Z] 🚀 Agendador iniciado às 2026-07-16T21:32:55.416Z
[2026-07-16T21:36:20.203Z] ✅ Agendador configurado e pronto a rodar
[2026-07-16T21:40:16.501Z] ✅ Agendador configurado e pronto a rodar
[2026-07-16T21:40:16.516Z] 🚀 Agendador iniciado às 2026-07-16T21:40:16.516Z
[2026-07-16T21:43:53.005Z] ✅ Agendador configurado e pronto a rodar
[2026-07-16T21:43:53.021Z] 🚀 Agendador iniciado às 2026-07-16T21:43:53.021Z
[2026-07-16T21:44:19.750Z] ✅ Agendador configurado e pronto a rodar
[2026-07-16T21:45:04.720Z] ✅ Agendador configurado e pronto a rodar
[2026-07-16T21:45:04.733Z] 🚀 Agendador iniciado às 2026-07-16T21:45:04.733Z
[2026-07-16T21:47:49.055Z] ✅ Agendador configurado e pronto a rodar
[2026-07-16T21:47:49.068Z] 🚀 Agendador iniciado às 2026-07-16T21:47:49.067Z
[2026-07-17T14:21:22.247Z] ✅ Agendador configurado e pronto a rodar
[2026-07-17T14:21:22.260Z] 🚀 Agendador iniciado às 2026-07-17T14:21:22.260Z
[2026-07-17T14:45:22.480Z] ✅ Agendador configurado e pronto a rodar
[2026-07-17T14:45:22.492Z] 🚀 Agendador iniciado às 2026-07-17T14:45:22.492Z
[2026-07-17T14:45:37.612Z] ✅ Agendador configurado e pronto a rodar
[2026-07-17T14:45:37.627Z] 🚀 Agendador iniciado às 2026-07-17T14:45:37.627Z
[2026-07-17T14:46:13.524Z] ✅ Agendador configurado e pronto a rodar
[2026-07-17T14:46:13.535Z] 🚀 Agendador iniciado às 2026-07-17T14:46:13.535Z
[2026-07-17T14:47:34.470Z] ✅ Agendador configurado e pronto a rodar
[2026-07-17T14:47:34.481Z] 🚀 Agendador iniciado às 2026-07-17T14:47:34.481Z
[2026-07-17T14:47:48.335Z] ✅ Agendador configurado e pronto a rodar
[2026-07-17T14:47:48.347Z] 🚀 Agendador iniciado às 2026-07-17T14:47:48.347Z
[2026-07-17T14:47:56.223Z] ✅ Agendador configurado e pronto a rodar
[2026-07-17T14:47:56.235Z] 🚀 Agendador iniciado às 2026-07-17T14:47:56.235Z
[2026-07-17T14:48:07.557Z] ✅ Agendador configurado e pronto a rodar
[2026-07-17T14:48:07.568Z] 🚀 Agendador iniciado às 2026-07-17T14:48:07.568Z
[2026-07-17T14:48:18.479Z] ✅ Agendador configurado e pronto a rodar
[2026-07-17T14:48:18.490Z] 🚀 Agendador iniciado às 2026-07-17T14:48:18.490Z
[2026-07-17T14:48:31.197Z] ✅ Agendador configurado e pronto a rodar
[2026-07-17T14:48:31.211Z] 🚀 Agendador iniciado às 2026-07-17T14:48:31.211Z
[2026-07-17T14:48:49.889Z] ✅ Agendador configurado e pronto a rodar
[2026-07-17T14:48:49.901Z] 🚀 Agendador iniciado às 2026-07-17T14:48:49.900Z
[2026-07-17T14:49:11.259Z] ✅ Agendador configurado e pronto a rodar
[2026-07-17T14:49:11.270Z] 🚀 Agendador iniciado às 2026-07-17T14:49:11.270Z
[2026-07-17T14:49:43.124Z] ✅ Agendador configurado e pronto a rodar
[2026-07-17T14:49:43.136Z] 🚀 Agendador iniciado às 2026-07-17T14:49:43.136Z
[2026-07-17T14:50:21.697Z] ✅ Agendador configurado e pronto a rodar
[2026-07-17T14:50:21.709Z] 🚀 Agendador iniciado às 2026-07-17T14:50:21.709Z
[2026-07-17T14:50:40.364Z] ✅ Agendador configurado e pronto a rodar
[2026-07-17T14:50:40.379Z] 🚀 Agendador iniciado às 2026-07-17T14:50:40.379Z
[2026-07-17T14:50:53.614Z] ✅ Agendador configurado e pronto a rodar
[2026-07-17T14:50:53.625Z] 🚀 Agendador iniciado às 2026-07-17T14:50:53.625Z
[2026-07-17T14:51:12.314Z] ✅ Agendador configurado e pronto a rodar
[2026-07-17T14:51:12.329Z] 🚀 Agendador iniciado às 2026-07-17T14:51:12.328Z
[2026-07-17T14:51:33.891Z] ✅ Agendador configurado e pronto a rodar
[2026-07-17T14:51:33.908Z] 🚀 Agendador iniciado às 2026-07-17T14:51:33.908Z
[2026-07-17T14:51:48.180Z] ✅ Agendador configurado e pronto a rodar
[2026-07-17T14:51:48.191Z] 🚀 Agendador iniciado às 2026-07-17T14:51:48.191Z
[2026-07-17T14:51:59.963Z] ✅ Agendador configurado e pronto a rodar
[2026-07-17T14:51:59.976Z] 🚀 Agendador iniciado às 2026-07-17T14:51:59.976Z
[2026-07-17T14:52:19.619Z] ✅ Agendador configurado e pronto a rodar
[2026-07-17T14:52:19.717Z] 🚀 Agendador iniciado às 2026-07-17T14:52:19.717Z
[2026-07-17T14:52:36.170Z] ✅ Agendador configurado e pronto a rodar
[2026-07-17T14:52:36.182Z] 🚀 Agendador iniciado às 2026-07-17T14:52:36.182Z
[2026-07-17T14:52:52.501Z] ✅ Agendador configurado e pronto a rodar
[2026-07-17T14:52:52.514Z] 🚀 Agendador iniciado às 2026-07-17T14:52:52.514Z
[2026-07-17T14:53:51.632Z] ✅ Agendador configurado e pronto a rodar
[2026-07-17T14:53:51.647Z] 🚀 Agendador iniciado às 2026-07-17T14:53:51.647Z
[2026-07-17T14:54:41.396Z] ✅ Agendador configurado e pronto a rodar
[2026-07-17T14:54:41.410Z] 🚀 Agendador iniciado às 2026-07-17T14:54:41.410Z
[2026-07-17T14:55:57.958Z] ✅ Agendador configurado e pronto a rodar
[2026-07-17T14:55:57.972Z] 🚀 Agendador iniciado às 2026-07-17T14:55:57.972Z
[2026-07-17T14:56:43.244Z] ✅ Agendador configurado e pronto a rodar
[2026-07-17T14:56:43.256Z] 🚀 Agendador iniciado às 2026-07-17T14:56:43.256Z
[2026-07-17T14:57:41.104Z] ✅ Agendador configurado e pronto a rodar
[2026-07-17T14:57:41.115Z] 🚀 Agendador iniciado às 2026-07-17T14:57:41.115Z
[2026-07-17T15:05:02.619Z] ✅ Agendador configurado e pronto a rodar
[2026-07-17T15:05:02.633Z] 🚀 Agendador iniciado às 2026-07-17T15:05:02.633Z
[2026-07-17T15:05:35.920Z] ✅ Agendador configurado e pronto a rodar
[2026-07-17T15:05:35.934Z] 🚀 Agendador iniciado às 2026-07-17T15:05:35.933Z
[2026-07-17T15:23:25.482Z] ✅ Agendador configurado e pronto a rodar
[2026-07-17T15:23:25.496Z] 🚀 Agendador iniciado às 2026-07-17T15:23:25.496Z
[2026-07-17T15:23:30.730Z] ✅ Agendador configurado e pronto a rodar
[2026-07-17T15:23:30.741Z] 🚀 Agendador iniciado às 2026-07-17T15:23:30.741Z
[2026-07-17T15:24:18.544Z] ✅ Agendador configurado e pronto a rodar
[2026-07-17T15:24:18.559Z] 🚀 Agendador iniciado às 2026-07-17T15:24:18.559Z
[2026-07-17T15:24:56.505Z] ✅ Agendador configurado e pronto a rodar
[2026-07-17T15:24:56.518Z] 🚀 Agendador iniciado às 2026-07-17T15:24:56.518Z
[2026-07-17T15:26:58.616Z] ✅ Agendador configurado e pronto a rodar
[2026-07-17T15:26:58.629Z] 🚀 Agendador iniciado às 2026-07-17T15:26:58.629Z
[2026-07-17T15:32:00.743Z] ✅ Agendador configurado e pronto a rodar
[2026-07-17T15:32:00.756Z] 🚀 Agendador iniciado às 2026-07-17T15:32:00.756Z
[2026-07-17T15:36:43.918Z] ✅ Agendador configurado e pronto a rodar
[2026-07-17T15:36:43.929Z] 🚀 Agendador iniciado às 2026-07-17T15:36:43.929Z
[2026-07-17T15:36:57.855Z] ✅ Agendador configurado e pronto a rodar
[2026-07-17T15:36:57.868Z] 🚀 Agendador iniciado às 2026-07-17T15:36:57.868Z
[2026-07-17T15:37:22.507Z] ✅ Agendador configurado e pronto a rodar
[2026-07-17T15:37:22.518Z] 🚀 Agendador iniciado às 2026-07-17T15:37:22.518Z
[2026-07-17T15:37:31.812Z] ✅ Agendador configurado e pronto a rodar
[2026-07-17T15:37:31.824Z] 🚀 Agendador iniciado às 2026-07-17T15:37:31.824Z
[2026-07-17T15:40:22.915Z] ✅ Agendador configurado e pronto a rodar
[2026-07-17T15:40:22.926Z] 🚀 Agendador iniciado às 2026-07-17T15:40:22.926Z
[2026-07-17T15:42:53.132Z] ✅ Agendador configurado e pronto a rodar
[2026-07-17T15:42:53.156Z] 🚀 Agendador iniciado às 2026-07-17T15:42:53.156Z
[2026-07-17T15:44:49.545Z] ✅ Agendador configurado e pronto a rodar
[2026-07-17T15:44:49.558Z] 🚀 Agendador iniciado às 2026-07-17T15:44:49.558Z
[2026-07-17T15:47:06.027Z] ✅ Agendador configurado e pronto a rodar
[2026-07-17T15:47:06.041Z] 🚀 Agendador iniciado às 2026-07-17T15:47:06.041Z
[2026-07-17T15:47:56.699Z] ✅ Agendador configurado e pronto a rodar
[2026-07-17T15:47:56.709Z] 🚀 Agendador iniciado às 2026-07-17T15:47:56.709Z
[2026-07-17T15:49:24.280Z] ✅ Agendador configurado e pronto a rodar
[2026-07-17T15:49:24.293Z] 🚀 Agendador iniciado às 2026-07-17T15:49:24.293Z
[2026-07-17T15:50:32.441Z] ✅ Agendador configurado e pronto a rodar
[2026-07-17T15:50:32.456Z] 🚀 Agendador iniciado às 2026-07-17T15:50:32.456Z
[2026-07-17T15:51:58.202Z] ✅ Agendador configurado e pronto a rodar
[2026-07-17T15:51:58.214Z] 🚀 Agendador iniciado às 2026-07-17T15:51:58.214Z
[2026-07-17T15:54:52.363Z] ✅ Agendador configurado e pronto a rodar
[2026-07-17T15:54:52.377Z] 🚀 Agendador iniciado às 2026-07-17T15:54:52.377Z
[2026-07-17T15:55:41.905Z] ✅ Agendador configurado e pronto a rodar
[2026-07-17T15:55:41.919Z] 🚀 Agendador iniciado às 2026-07-17T15:55:41.918Z
[2026-07-17T15:55:43.461Z] ✅ Agendador configurado e pronto a rodar
[2026-07-17T15:55:43.474Z] 🚀 Agendador iniciado às 2026-07-17T15:55:43.474Z
[2026-07-17T15:57:21.441Z] ✅ Agendador configurado e pronto a rodar
[2026-07-17T15:57:21.452Z] 🚀 Agendador iniciado às 2026-07-17T15:57:21.452Z
[2026-07-17T16:01:43.316Z] ✅ Agendador configurado e pronto a rodar
[2026-07-17T16:01:43.330Z] 🚀 Agendador iniciado às 2026-07-17T16:01:43.330Z
[2026-07-17T16:02:06.662Z] ✅ Agendador configurado e pronto a rodar
[2026-07-17T16:02:06.676Z] 🚀 Agendador iniciado às 2026-07-17T16:02:06.676Z
[2026-07-17T16:02:27.670Z] ✅ Agendador configurado e pronto a rodar
[2026-07-17T16:02:27.684Z] 🚀 Agendador iniciado às 2026-07-17T16:02:27.684Z
[2026-07-17T16:02:43.830Z] ✅ Agendador configurado e pronto a rodar
[2026-07-17T16:02:43.849Z] 🚀 Agendador iniciado às 2026-07-17T16:02:43.849Z
[2026-07-17T16:03:06.063Z] ✅ Agendador configurado e pronto a rodar
[2026-07-17T16:03:06.074Z] 🚀 Agendador iniciado às 2026-07-17T16:03:06.073Z
[2026-07-17T16:09:25.212Z] ✅ Agendador configurado e pronto a rodar
[2026-07-17T16:09:25.226Z] 🚀 Agendador iniciado às 2026-07-17T16:09:25.226Z
[2026-07-17T16:09:44.150Z] ✅ Agendador configurado e pronto a rodar
[2026-07-17T16:09:44.162Z] 🚀 Agendador iniciado às 2026-07-17T16:09:44.162Z
[2026-07-17T16:10:00.490Z] ✅ Agendador configurado e pronto a rodar
[2026-07-17T16:10:00.504Z] 🚀 Agendador iniciado às 2026-07-17T16:10:00.504Z
[2026-07-17T16:10:14.793Z] ✅ Agendador configurado e pronto a rodar
[2026-07-17T16:10:14.806Z] 🚀 Agendador iniciado às 2026-07-17T16:10:14.806Z
[2026-07-17T16:10:42.874Z] ✅ Agendador configurado e pronto a rodar
[2026-07-17T16:10:42.886Z] 🚀 Agendador iniciado às 2026-07-17T16:10:42.886Z
[2026-07-17T16:11:14.954Z] ✅ Agendador configurado e pronto a rodar
[2026-07-17T16:11:14.965Z] 🚀 Agendador iniciado às 2026-07-17T16:11:14.965Z
[2026-07-17T16:11:25.681Z] ✅ Agendador configurado e pronto a rodar
[2026-07-17T16:11:25.692Z] 🚀 Agendador iniciado às 2026-07-17T16:11:25.691Z
[2026-07-17T16:11:32.863Z] ✅ Agendador configurado e pronto a rodar
[2026-07-17T16:11:32.878Z] 🚀 Agendador iniciado às 2026-07-17T16:11:32.878Z
[2026-07-17T16:12:05.165Z] ✅ Agendador configurado e pronto a rodar
[2026-07-17T16:12:05.179Z] 🚀 Agendador iniciado às 2026-07-17T16:12:05.179Z
[2026-07-17T16:12:17.352Z] ✅ Agendador configurado e pronto a rodar
[2026-07-17T16:12:17.365Z] 🚀 Agendador iniciado às 2026-07-17T16:12:17.365Z
[2026-07-17T16:13:02.877Z] ✅ Agendador configurado e pronto a rodar
[2026-07-17T16:13:02.889Z] 🚀 Agendador iniciado às 2026-07-17T16:13:02.889Z
[2026-07-17T16:13:17.734Z] ✅ Agendador configurado e pronto a rodar
[2026-07-17T16:13:17.747Z] 🚀 Agendador iniciado às 2026-07-17T16:13:17.747Z
[2026-07-17T16:14:23.101Z] ✅ Agendador configurado e pronto a rodar
[2026-07-17T16:14:23.113Z] 🚀 Agendador iniciado às 2026-07-17T16:14:23.113Z
[2026-07-17T16:14:48.962Z] ✅ Agendador configurado e pronto a rodar
[2026-07-17T16:14:48.975Z] 🚀 Agendador iniciado às 2026-07-17T16:14:48.975Z
[2026-07-17T16:15:13.950Z] ✅ Agendador configurado e pronto a rodar
[2026-07-17T16:15:13.962Z] 🚀 Agendador iniciado às 2026-07-17T16:15:13.961Z
[2026-07-17T16:15:30.659Z] ✅ Agendador configurado e pronto a rodar
[2026-07-17T16:15:30.669Z] 🚀 Agendador iniciado às 2026-07-17T16:15:30.669Z
[2026-07-17T16:15:58.413Z] ✅ Agendador configurado e pronto a rodar
[2026-07-17T16:15:58.426Z] 🚀 Agendador iniciado às 2026-07-17T16:15:58.426Z
[2026-07-17T16:20:55.477Z] ✅ Agendador configurado e pronto a rodar
[2026-07-17T16:20:55.488Z] 🚀 Agendador iniciado às 2026-07-17T16:20:55.488Z
[2026-07-17T16:21:06.069Z] ✅ Agendador configurado e pronto a rodar
[2026-07-17T16:21:06.080Z] 🚀 Agendador iniciado às 2026-07-17T16:21:06.080Z
[2026-07-17T16:22:38.051Z] ✅ Agendador configurado e pronto a rodar
[2026-07-17T16:22:38.068Z] 🚀 Agendador iniciado às 2026-07-17T16:22:38.067Z
[2026-07-17T16:22:40.097Z] ✅ Agendador configurado e pronto a rodar
[2026-07-17T16:22:40.107Z] 🚀 Agendador iniciado às 2026-07-17T16:22:40.107Z
[2026-07-17T16:25:22.185Z] ✅ Agendador configurado e pronto a rodar
[2026-07-17T16:25:22.198Z] 🚀 Agendador iniciado às 2026-07-17T16:25:22.198Z
